Flow report for findPrimeNumbers
Tue Dec  1 17:20:52 2020
Quartus Prime Version 19.1.0 Build 670 09/22/2019 SJ Lite Edition


---------------------
; Table of Contents ;
---------------------
  1. Legal Notice
  2. Flow Summary
  3. Flow Settings
  4. Flow Non-Default Global Settings
  5. Flow Elapsed Time
  6. Flow OS Summary
  7. Flow Log
  8. Flow Messages
  9. Flow Suppressed Messages



----------------
; Legal Notice ;
----------------
Copyright (C) 2019  Intel Corporation. All rights reserved.
Your use of Intel Corporation's design tools, logic functions 
and other software and tools, and any partner logic 
functions, and any output files from any of the foregoing 
(including device programming or simulation files), and any 
associated documentation or information are expressly subject 
to the terms and conditions of the Intel Program License 
Subscription Agreement, the Intel Quartus Prime License Agreement,
the Intel FPGA IP License Agreement, or other applicable license
agreement, including, without limitation, that your use is for
the sole purpose of programming logic devices manufactured by
Intel and sold by Intel or its authorized distributors.  Please
refer to the applicable agreement for further details, at
https://fpgasoftware.intel.com/eula.



+----------------------------------------------------------------------------------+
; Flow Summary                                                                     ;
+------------------------------------+---------------------------------------------+
; Flow Status                        ; Successful - Tue Dec  1 17:20:52 2020       ;
; Quartus Prime Version              ; 19.1.0 Build 670 09/22/2019 SJ Lite Edition ;
; Revision Name                      ; findPrimeNumbers                            ;
; Top-level Entity Name              ; findPrimeNumbers                            ;
; Family                             ; Cyclone IV E                                ;
; Device                             ; EP4CE115F29I7                               ;
; Timing Models                      ; Final                                       ;
; Total logic elements               ; 99 / 114,480 ( < 1 % )                      ;
;     Total combinational functions  ; 87 / 114,480 ( < 1 % )                      ;
;     Dedicated logic registers      ; 69 / 114,480 ( < 1 % )                      ;
; Total registers                    ; 69                                          ;
; Total pins                         ; 50 / 529 ( 9 % )                            ;
; Total virtual pins                 ; 0                                           ;
; Total memory bits                  ; 256 / 3,981,312 ( < 1 % )                   ;
; Embedded Multiplier 9-bit elements ; 0 / 532 ( 0 % )                             ;
; Total PLLs                         ; 0 / 4 ( 0 % )                               ;
+------------------------------------+---------------------------------------------+


+-----------------------------------------+
; Flow Settings                           ;
+-------------------+---------------------+
; Option            ; Setting             ;
+-------------------+---------------------+
; Start date & time ; 12/01/2020 17:20:26 ;
; Main task         ; Compilation         ;
; Revision Name     ; findPrimeNumbers    ;
+-------------------+---------------------+


+------------------------------------------------------------------------------------------------------------------------------------------------+
; Flow Non-Default Global Settings                                                                                                               ;
+-------------------------------------+----------------------------------------+---------------+-------------+-----------------------------------+
; Assignment Name                     ; Value                                  ; Default Value ; Entity Name ; Section Id                        ;
+-------------------------------------+----------------------------------------+---------------+-------------+-----------------------------------+
; COMPILER_SIGNATURE_ID               ; 255543653781181.160685402606126        ; --            ; --          ; --                                ;
; EDA_GENERATE_FUNCTIONAL_NETLIST     ; Off                                    ; --            ; --          ; eda_board_design_timing           ;
; EDA_GENERATE_FUNCTIONAL_NETLIST     ; Off                                    ; --            ; --          ; eda_board_design_boundary_scan    ;
; EDA_GENERATE_FUNCTIONAL_NETLIST     ; Off                                    ; --            ; --          ; eda_board_design_signal_integrity ;
; EDA_GENERATE_FUNCTIONAL_NETLIST     ; Off                                    ; --            ; --          ; eda_board_design_symbol           ;
; EDA_OUTPUT_DATA_FORMAT              ; Verilog Hdl                            ; --            ; --          ; eda_simulation                    ;
; EDA_SIMULATION_TOOL                 ; ModelSim-Altera (Verilog)              ; <None>        ; --          ; --                                ;
; EDA_TIME_SCALE                      ; 1 ps                                   ; --            ; --          ; eda_simulation                    ;
; MAX_CORE_JUNCTION_TEMP              ; 100                                    ; --            ; --          ; --                                ;
; MIN_CORE_JUNCTION_TEMP              ; -40                                    ; --            ; --          ; --                                ;
; PARTITION_COLOR                     ; -- (Not supported for targeted family) ; --            ; --          ; Top                               ;
; PARTITION_FITTER_PRESERVATION_LEVEL ; -- (Not supported for targeted family) ; --            ; --          ; Top                               ;
; PARTITION_NETLIST_TYPE              ; -- (Not supported for targeted family) ; --            ; --          ; Top                               ;
; PROJECT_OUTPUT_DIRECTORY            ; output_files                           ; --            ; --          ; --                                ;
+-------------------------------------+----------------------------------------+---------------+-------------+-----------------------------------+


+--------------------------------------------------------------------------------------------------------------------------+
; Flow Elapsed Time                                                                                                        ;
+----------------------+--------------+-------------------------+---------------------+------------------------------------+
; Module Name          ; Elapsed Time ; Average Processors Used ; Peak Virtual Memory ; Total CPU Time (on all processors) ;
+----------------------+--------------+-------------------------+---------------------+------------------------------------+
; Analysis & Synthesis ; 00:00:07     ; 1.0                     ; 981 MB              ; 00:00:18                           ;
; Fitter               ; 00:00:12     ; 1.0                     ; 1681 MB             ; 00:00:17                           ;
; Assembler            ; 00:00:03     ; 1.0                     ; 810 MB              ; 00:00:03                           ;
; Timing Analyzer      ; 00:00:01     ; 1.0                     ; 893 MB              ; 00:00:02                           ;
; EDA Netlist Writer   ; 00:00:00     ; 1.0                     ; 1032 MB             ; 00:00:00                           ;
; Total                ; 00:00:23     ; --                      ; --                  ; 00:00:40                           ;
+----------------------+--------------+-------------------------+---------------------+------------------------------------+


+-------------------------------------------------------------------------------------------+
; Flow OS Summary                                                                           ;
+----------------------+---------------------+----------------+------------+----------------+
; Module Name          ; Machine Hostname    ; OS Name        ; OS Version ; Processor type ;
+----------------------+---------------------+----------------+------------+----------------+
; Analysis & Synthesis ; bruno-ThinkPad-T480 ; Ubuntu 20.04.1 ; 20         ; x86_64         ;
; Fitter               ; bruno-ThinkPad-T480 ; Ubuntu 20.04.1 ; 20         ; x86_64         ;
; Assembler            ; bruno-ThinkPad-T480 ; Ubuntu 20.04.1 ; 20         ; x86_64         ;
; Timing Analyzer      ; bruno-ThinkPad-T480 ; Ubuntu 20.04.1 ; 20         ; x86_64         ;
; EDA Netlist Writer   ; bruno-ThinkPad-T480 ; Ubuntu 20.04.1 ; 20         ; x86_64         ;
+----------------------+---------------------+----------------+------------+----------------+


------------
; Flow Log ;
------------
quartus_map --read_settings_files=on --write_settings_files=off findPrimeNumbers -c findPrimeNumbers
quartus_fit --read_settings_files=off --write_settings_files=off findPrimeNumbers -c findPrimeNumbers
quartus_asm --read_settings_files=off --write_settings_files=off findPrimeNumbers -c findPrimeNumbers
quartus_sta findPrimeNumbers -c findPrimeNumbers
quartus_eda --read_settings_files=off --write_settings_files=off findPrimeNumbers -c findPrimeNumbers



